<?xml version="1.0" encoding="UTF-8" ?>
<testsuite errors="0" failures="0" hostname="DESKTOP-SAPF516" name="co.unicauca.clientes.modelo.ClientesDBTest" skipped="0" tests="1" time="0.151" timestamp="2019-10-02T19:21:36">
  <properties>
    <property name="libs.javaee-api-6.0.classpath" value="E:\Programs\netbeans\enterprise\modules\ext\javaee-api-6.0.jar" />
    <property name="libs.spring-framework300.classpath" value="E:\Programs\netbeans\ide\modules\org-apache-commons-logging.jar;E:\Programs\netbeans\java\modules\ext\cglib-2.2.jar;E:\Programs\netbeans\java\modules\ext\spring-3.0\spring-aop-3.2.7.RELEASE.jar;E:\Programs\netbeans\java\modules\ext\spring-3.0\spring-aspects-3.2.7.RELEASE.jar;E:\Programs\netbeans\java\modules\ext\spring-3.0\spring-beans-3.2.7.RELEASE.jar;E:\Programs\netbeans\java\modules\ext\spring-3.0\spring-build-src-3.2.7.RELEASE.jar;E:\Programs\netbeans\java\modules\ext\spring-3.0\spring-context-3.2.7.RELEASE.jar;E:\Programs\netbeans\java\modules\ext\spring-3.0\spring-context-support-3.2.7.RELEASE.jar;E:\Programs\netbeans\java\modules\ext\spring-3.0\spring-core-3.2.7.RELEASE.jar;E:\Programs\netbeans\java\modules\ext\spring-3.0\spring-expression-3.2.7.RELEASE.jar;E:\Programs\netbeans\java\modules\ext\spring-3.0\spring-framework-bom-3.2.7.RELEASE.jar;E:\Programs\netbeans\java\modules\ext\spring-3.0\spring-instrument-3.2.7.RELEASE.jar;E:\Programs\netbeans\java\modules\ext\spring-3.0\spring-instrument-tomcat-3.2.7.RELEASE.jar;E:\Programs\netbeans\java\modules\ext\spring-3.0\spring-jdbc-3.2.7.RELEASE.jar;E:\Programs\netbeans\java\modules\ext\spring-3.0\spring-jms-3.2.7.RELEASE.jar;E:\Programs\netbeans\java\modules\ext\spring-3.0\spring-orm-3.2.7.RELEASE.jar;E:\Programs\netbeans\java\modules\ext\spring-3.0\spring-oxm-3.2.7.RELEASE.jar;E:\Programs\netbeans\java\modules\ext\spring-3.0\spring-struts-3.2.7.RELEASE.jar;E:\Programs\netbeans\java\modules\ext\spring-3.0\spring-test-3.2.7.RELEASE.jar;E:\Programs\netbeans\java\modules\ext\spring-3.0\spring-tx-3.2.7.RELEASE.jar;E:\Programs\netbeans\java\modules\ext\spring-3.0\spring-web-3.2.7.RELEASE.jar;E:\Programs\netbeans\java\modules\ext\spring-3.0\spring-webmvc-3.2.7.RELEASE.jar;E:\Programs\netbeans\java\modules\ext\spring-3.0\spring-webmvc-portlet-3.2.7.RELEASE.jar" />
    <property name="javac.includesfile.binary" value="F:\2019-2\IngSoftII\MVC Observer\Taller3-mvc-ClientesAgenciaViajes\null883851664" />
    <property name="javac.test.classpath" value=":build/classes:E:\Programs\netbeans\platform\modules\ext\junit-4.12.jar:E:\Programs\netbeans\platform\modules\ext\hamcrest-core-1.3.jar" />
    <property name="libs.javaee-api-7.0.classpath" value="E:\Programs\netbeans\enterprise\modules\ext\javaee-api-7.0.jar" />
    <property name="java.specification.version" value="12" />
    <property name="sun.cpu.isalist" value="amd64" />
    <property name="libs.restapi.maven-pom" value="" />
    <property name="jar.index.metainf" value="false" />
    <property name="do.depend" value="false" />
    <property name="javadoc.preview" value="true" />
    <property name="libs.spring-framework400.classpath" value="E:\Programs\netbeans\ide\modules\org-apache-commons-logging.jar;E:\Programs\netbeans\java\modules\ext\cglib-2.2.jar;E:\Programs\netbeans\java\modules\ext\spring-4\spring-aop-4.0.1.RELEASE.jar;E:\Programs\netbeans\java\modules\ext\spring-4\spring-aspects-4.0.1.RELEASE.jar;E:\Programs\netbeans\java\modules\ext\spring-4\spring-beans-4.0.1.RELEASE.jar;E:\Programs\netbeans\java\modules\ext\spring-4\spring-build-src-4.0.1.RELEASE.jar;E:\Programs\netbeans\java\modules\ext\spring-4\spring-context-4.0.1.RELEASE.jar;E:\Programs\netbeans\java\modules\ext\spring-4\spring-context-support-4.0.1.RELEASE.jar;E:\Programs\netbeans\java\modules\ext\spring-4\spring-core-4.0.1.RELEASE.jar;E:\Programs\netbeans\java\modules\ext\spring-4\spring-expression-4.0.1.RELEASE.jar;E:\Programs\netbeans\java\modules\ext\spring-4\spring-framework-bom-4.0.1.RELEASE.jar;E:\Programs\netbeans\java\modules\ext\spring-4\spring-instrument-4.0.1.RELEASE.jar;E:\Programs\netbeans\java\modules\ext\spring-4\spring-instrument-tomcat-4.0.1.RELEASE.jar;E:\Programs\netbeans\java\modules\ext\spring-4\spring-jdbc-4.0.1.RELEASE.jar;E:\Programs\netbeans\java\modules\ext\spring-4\spring-jms-4.0.1.RELEASE.jar;E:\Programs\netbeans\java\modules\ext\spring-4\spring-messaging-4.0.1.RELEASE.jar;E:\Programs\netbeans\java\modules\ext\spring-4\spring-orm-4.0.1.RELEASE.jar;E:\Programs\netbeans\java\modules\ext\spring-4\spring-oxm-4.0.1.RELEASE.jar;E:\Programs\netbeans\java\modules\ext\spring-4\spring-test-4.0.1.RELEASE.jar;E:\Programs\netbeans\java\modules\ext\spring-4\spring-tx-4.0.1.RELEASE.jar;E:\Programs\netbeans\java\modules\ext\spring-4\spring-web-4.0.1.RELEASE.jar;E:\Programs\netbeans\java\modules\ext\spring-4\spring-webmvc-4.0.1.RELEASE.jar;E:\Programs\netbeans\java\modules\ext\spring-4\spring-webmvc-portlet-4.0.1.RELEASE.jar;E:\Programs\netbeans\java\modules\ext\spring-4\spring-websocket-4.0.1.RELEASE.jar" />
    <property name="libs.spring-webmvc4.0.javadoc" value="" />
    <property name="test.binaryincludes" value="&lt;nothing&gt;" />
    <property name="sun.arch.data.model" value="64" />
    <property name="nb.show.statistics.ui" value="usageStatisticsEnabled" />
    <property name="libs.javaee-endorsed-api-7.0.src" value="" />
    <property name="debug-transport" value="dt_shmem" />
    <property name="java.vendor.url" value="https://java.oracle.com/" />
    <property name="annotation.processing.enabled" value="true" />
    <property name="libs.junit_5.src" value="E:\Programs\netbeans\platform\docs\junit-jupiter-api-5.3.1-sources.jar;E:\Programs\netbeans\platform\docs\junit-jupiter-params-5.3.1-sources.jar;E:\Programs\netbeans\platform\docs\junit-jupiter-engine-5.3.1-sources.jar" />
    <property name="debug.modulepath" value="" />
    <property name="libs.jaxb.classpath" value="E:\Programs\netbeans\ide\modules\ext\jaxb\jaxb-impl-2.2.5-2.jar;E:\Programs\netbeans\ide\modules\ext\jaxb\jaxb-xjc-2.2.5-2.jar;E:\Programs\netbeans\ide\modules\ext\jaxb\jaxb1-impl-2.2.5-2.jar;E:\Programs\netbeans\ide\modules\ext\jaxb\activation.jar;E:\Programs\netbeans\ide\modules\ext\jaxb\api\jaxb-api.jar" />
    <property name="libs.jsp-compilation.src" value="" />
    <property name="libs.eclipselink.javadoc" value="" />
    <property name="libs.JWSAntTasks.javadoc" value="" />
    <property name="sun.boot.library.path" value="C:\Program Files\Java\jdk-12.0.2\bin" />
    <property name="libs.CopyLibs.src" value="" />
    <property name="sun.java.command" value="org.apache.tools.ant.taskdefs.optional.junit.JUnitTestRunner co.unicauca.clientes.modelo.ClientesDBTest skipNonTests=false filtertrace=true haltOnError=false haltOnFailure=false showoutput=true outputtoformatters=true logfailedtests=true threadid=0 logtestlistenerevents=true formatter=org.apache.tools.ant.taskdefs.optional.junit.BriefJUnitResultFormatter formatter=org.apache.tools.ant.taskdefs.optional.junit.XMLJUnitResultFormatter,F:\2019-2\IngSoftII\MVC Observer\Taller3-mvc-ClientesAgenciaViajes\build\test\results\TEST-co.unicauca.clientes.modelo.ClientesDBTest.xml crashfile=F:\2019-2\IngSoftII\MVC Observer\Taller3-mvc-ClientesAgenciaViajes\build\junitvmwatcher16972626653160697902.properties propsfile=F:\2019-2\IngSoftII\MVC Observer\Taller3-mvc-ClientesAgenciaViajes\build\junit9102455128325267509.properties" />
    <property name="jdk.debug" value="release" />
    <property name="libs.spring-framework300.src" value="" />
    <property name="java.specification.vendor" value="Oracle Corporation" />
    <property name="javac.source" value="1.8" />
    <property name="javadoc.use" value="true" />
    <property name="libs.javac-api.maven-pom" value="" />
    <property name="java.version.date" value="2019-07-16" />
    <property name="javadoc.notree" value="false" />
    <property name="java.home" value="C:\Program Files\Java\jdk-12.0.2" />
    <property name="basedir" value="F:\2019-2\IngSoftII\MVC Observer\Taller3-mvc-ClientesAgenciaViajes" />
    <property name="application.vendor" value="libardo" />
    <property name="work.dir" value="F:\2019-2\IngSoftII\MVC Observer\Taller3-mvc-ClientesAgenciaViajes" />
    <property name="jna.boot.library.name" value="jnidispatch-440" />
    <property name="javac.test.compilerargs" value="" />
    <property name="java.vm.specification.vendor" value="Oracle Corporation" />
    <property name="java.specification.name" value="Java Platform API Specification" />
    <property name="libs.PostgreSQLDriver.classpath" value="E:\Programs\netbeans\ide\modules\ext\postgresql-42.2.5.jar" />
    <property name="libs.javac-api.javadoc" value="" />
    <property name="libs.spring-webmvc3.0.javadoc" value="" />
    <property name="libs.JAXB-ENDORSED.src" value="" />
    <property name="libs.jsf20.classpath" value="E:\Programs\netbeans\enterprise\modules\ext\jsf-2_2\javax.faces.jar" />
    <property name="netbeans.extbrowser.manual_chrome_plugin_install" value="yes" />
    <property name="user.script" value="" />
    <property name="manifest.encoding" value="UTF-8" />
    <property name="netbeans.default_userdir_root" value="C:\Users\Yerson\AppData\Roaming\NetBeans" />
    <property name="libs.spring-framework400.src" value="" />
    <property name="sun.management.compiler" value="HotSpot 64-Bit Tiered Compilers" />
    <property name="libs.jsp-compilation-syscp.src" value="" />
    <property name="run.test.modulepath" value="" />
    <property name="jdk.home" value="C:\Program Files\Java\jdk-12.0.2" />
    <property name="java.runtime.version" value="12.0.2+10" />
    <property name="libs.maven-dependencies.src" value="" />
    <property name="libs.javaee-web-api-6.0.classpath" value="E:\Programs\netbeans\enterprise\modules\ext\javaee-web-api-6.0.jar" />
    <property name="libs.eclipselink.maven-pom" value="" />
    <property name="libs.metro.maven-pom" value="" />
    <property name="libs.jsp-compiler.javadoc" value="" />
    <property name="libs.JAXB-ENDORSED.javadoc" value="" />
    <property name="debug.test.modulepath" value="" />
    <property name="libs.javaee-web-api-7.0.classpath" value="E:\Programs\netbeans\enterprise\modules\ext\javaee-web-api-7.0.jar" />
    <property name="file.encoding" value="Cp1252" />
    <property name="sun.java2d.noddraw" value="true" />
    <property name="java.util.logging.config.class" value="org.netbeans.core.startup.TopLogging" />
    <property name="sun.zip.disableMemoryMapping" value="true" />
    <property name="libs.maven-dependencies.maven-pom" value="" />
    <property name="libs.jsf12.src" value="" />
    <property name="libs.primefaces.javadoc" value="" />
    <property name="libs.jsp-compilation.javadoc" value="" />
    <property name="https.nonProxyHosts" value="localhost|127.0.0.1|DESKTOP-SAPF516" />
    <property name="libs.groovy-all.maven-pom" value="" />
    <property name="libs.restlib.javadoc" value="" />
    <property name="libs.restapi.src" value="" />
    <property name="libs.junit_5.javadoc" value="E:\Programs\netbeans\platform\docs\junit-jupiter-api-5.3.1-javadoc.jar;E:\Programs\netbeans\platform\docs\junit-jupiter-params-5.3.1-javadoc.jar;E:\Programs\netbeans\platform\docs\junit-jupiter-engine-5.3.1-javadoc.jar" />
    <property name="dist.archive.excludes" value="" />
    <property name="libs.absolutelayout.classpath" value="E:\Programs\netbeans\java\modules\ext\AbsoluteLayout.jar" />
    <property name="java.io.tmpdir" value="C:\Users\Yerson\AppData\Local\Temp\" />
    <property name="do.archive" value="true" />
    <property name="java.version" value="12.0.2" />
    <property name="libs.struts.maven-pom" value="" />
    <property name="java.vm.specification.name" value="Java Virtual Machine Specification" />
    <property name="built-jar.properties" value="F:\2019-2\IngSoftII\MVC Observer\Taller3-mvc-ClientesAgenciaViajes\build\built-jar.properties" />
    <property name="nb.native.filechooser" value="false" />
    <property name="libs.testng.src" value="" />
    <property name="platform.active" value="default_platform" />
    <property name="java.library.path" value="C:\Program Files\Java\jdk-12.0.2\bin;C:\WINDOWS\Sun\Java\bin;C:\WINDOWS\system32;C:\WINDOWS;E:\Programs\Oraclexe\app\oracle\product\11.2.0\server\bin;;C:\WINDOWS\system32;C:\WINDOWS;C:\WINDOWS\System32\Wbem;C:\WINDOWS\System32\WindowsPowerShell\v1.0\;C:\WINDOWS\System32\OpenSSH\;C:\Program Files\Java\jdk-12.0.2\bin;C:\Program Files\Git\cmd;C:\Program Files\Git\mingw64\bin;C:\Program Files\Git\usr\bin;E:\Programs\MathLab\bin;C:\Users\Yerson\AppData\Local\Microsoft\WindowsApps;;E:\Programs\VSCode\Microsoft VS Code\bin;." />
    <property name="libs.hamcrest.src" value="" />
    <property name="java.vendor" value="Oracle Corporation" />
    <property name="manifest.file" value="manifest.mf" />
    <property name="libs.groovy-all.src" value="" />
    <property name="libs.testng.javadoc" value="E:\Programs\netbeans\platform\docs\testng-6.8.1-javadoc.zip" />
    <property name="meta.inf.dir" value="src/META-INF" />
    <property name="sun.io.unicode.encoding" value="UnicodeLittle" />
    <property name="compile.on.save" value="true" />
    <property name="libs.testng.maven-pom" value="" />
    <property name="libs.struts.javadoc" value="E:\Programs\netbeans\enterprise\docs\struts-1.3.10-javadoc.zip" />
    <property name="org.openide.version" value="deprecated" />
    <property name="sun.desktop" value="windows" />
    <property name="default.javac.source" value="12" />
    <property name="netbeans.dynamic.classpath" value="E:\Programs\netbeans\platform\core\asm-all-5.0.1.jar;E:\Programs\netbeans\platform\core\core-base.jar;E:\Programs\netbeans\platform\core\core.jar;E:\Programs\netbeans\platform\core\org-netbeans-libs-asm.jar;E:\Programs\netbeans\platform\core\org-openide-filesystems-compat8.jar;E:\Programs\netbeans\platform\core\org-openide-filesystems.jar;E:\Programs\netbeans\nb\core\org-netbeans-upgrader.jar;E:\Programs\netbeans\nb\core\locale\core_nb.jar" />
    <property name="test.includes" value="co/unicauca/clientes/modelo/ClientesDBTest.java" />
    <property name="run.classpath" value=":build/classes" />
    <property name="libs.jaxb.src" value="" />
    <property name="libs.eclipselinkmodelgen.classpath" value="E:\Programs\netbeans\java\modules\ext\eclipselink\org.eclipse.persistence.jpa.modelgen.processor-2.5.2.jar" />
    <property name="test.src.dir" value="test" />
    <property name="sun.awt.enableExtraMouseButtons" value="true" />
    <property name="org.openide.major.version" value="IDE/1" />
    <property name="libs.spring-framework300.javadoc" value="" />
    <property name="netbeans.buildnumber" value="incubator-netbeans-release-404-on-20190319" />
    <property name="ap.proc.none.internal" value="" />
    <property name="endorsed.classpath.cmd.line.arg" value="" />
    <property name="org.openide.specification.version" value="6.2" />
    <property name="user.timezone" value="America/Bogota" />
    <property name="libs.jpa20-persistence.maven-pom" value="" />
    <property name="jar.index" value="false" />
    <property name="libs.jpa20-persistence.classpath" value="E:\Programs\netbeans\java\modules\ext\eclipselink\javax.persistence-2.1.0.jar" />
    <property name="libs.junit_5.classpath" value="E:\Programs\netbeans\platform\modules\ext\junit-jupiter-api-5.3.1.jar;E:\Programs\netbeans\platform\modules\ext\junit-jupiter-params-5.3.1.jar;E:\Programs\netbeans\platform\modules\ext\junit-jupiter-engine-5.3.1.jar" />
    <property name="build.sysclasspath" value="ignore" />
    <property name="libs.eclipselinkmodelgen.javadoc" value="" />
    <property name="libs.CopyLibs.maven-pom" value="" />
    <property name="java.vm.specification.version" value="12" />
    <property name="os.name" value="Windows 10" />
    <property name="javadoc.noindex" value="false" />
    <property name="jdkBug6558476" value="false" />
    <property name="javadoc.private" value="false" />
    <property name="libs.spring-webmvc4.0.maven-pom" value="" />
    <property name="http.nonProxyHosts" value="localhost|127.0.0.1|DESKTOP-SAPF516" />
    <property name="javadoc.author" value="false" />
    <property name="main.class" value="co.unicauca.clientes.client.Main" />
    <property name="libs.JAXB-ENDORSED.maven-pom" value="" />
    <property name="libs.jsp-compilation-syscp.javadoc" value="" />
    <property name="user.home" value="C:\Users\Yerson" />
    <property name="source.encoding" value="UTF-8" />
    <property name="libs.eclipselinkmodelgen.maven-pom" value="" />
    <property name="jar.compress" value="false" />
    <property name="have.sources" value="true" />
    <property name="libs.javaee-api-7.0.javadoc" value="E:\Programs\netbeans\enterprise\docs\javaee-doc-api.jar" />
    <property name="annotation.processing.processors.list" value="" />
    <property name="javac.deprecation" value="false" />
    <property name="libs.jsf20.maven-pom" value="" />
    <property name="java.awt.graphicsenv" value="sun.awt.Win32GraphicsEnvironment" />
    <property name="libs.restlib.classpath" value="E:\Programs\netbeans\enterprise\modules\ext\jersey2\ext\asm-all-repackaged-2.2.0-b21.jar;E:\Programs\netbeans\enterprise\modules\ext\jersey2\ext\cglib-2.2.0-b21.jar;E:\Programs\netbeans\enterprise\modules\ext\jersey2\ext\guava-14.0.1.jar;E:\Programs\netbeans\enterprise\modules\ext\jersey2\ext\hk2-api-2.2.0-b21.jar;E:\Programs\netbeans\enterprise\modules\ext\jersey2\ext\hk2-locator-2.2.0-b21.jar;E:\Programs\netbeans\enterprise\modules\ext\jersey2\ext\hk2-utils-2.2.0-b21.jar;E:\Programs\netbeans\enterprise\modules\ext\jersey2\ext\javax.annotation-api-1.2.jar;E:\Programs\netbeans\enterprise\modules\ext\jersey2\ext\javax.inject-2.2.0-b21.jar;E:\Programs\netbeans\enterprise\modules\ext\jersey2\ext\javax.servlet-api-3.0.1.jar;E:\Programs\netbeans\enterprise\modules\ext\jersey2\ext\jaxb-api-2.2.7.jar;E:\Programs\netbeans\enterprise\modules\ext\jersey2\ext\jersey-entity-filtering-2.5.1.jar;E:\Programs\netbeans\enterprise\modules\ext\jersey2\ext\jersey-media-moxy-2.5.1.jar;E:\Programs\netbeans\enterprise\modules\ext\jersey2\ext\org.osgi.core-4.2.0.jar;E:\Programs\netbeans\enterprise\modules\ext\jersey2\ext\osgi-resource-locator-1.0.1.jar;E:\Programs\netbeans\enterprise\modules\ext\jersey2\ext\persistence-api-1.0.jar;E:\Programs\netbeans\enterprise\modules\ext\jersey2\ext\validation-api-1.1.0.Final.jar;E:\Programs\netbeans\enterprise\modules\ext\jersey2\jersey-client.jar;E:\Programs\netbeans\enterprise\modules\ext\jersey2\jersey-common.jar;E:\Programs\netbeans\enterprise\modules\ext\jersey2\jersey-container-servlet.jar;E:\Programs\netbeans\enterprise\modules\ext\jersey2\jersey-container-servlet-core.jar;E:\Programs\netbeans\enterprise\modules\ext\jersey2\jersey-server.jar" />
    <property name="build.generated.sources.dir" value="build/generated-sources" />
    <property name="apple.awt.graphics.UseQuartz" value="true" />
    <property name="plugin.manager.check.updates" value="false" />
    <property name="run.jvmargs" value="" />
    <property name="libs.primefaces.src" value="" />
    <property name="netbeans.autoupdate.language" value="es" />
    <property name="libs.eclipselinkmodelgen.src" value="" />
    <property name="build.compiler.emacs" value="true" />
    <property name="build.classes.excludes" value="**/*.java,**/*.form" />
    <property name="dist.jar" value="dist/Taller3-mvc-ClientesAgenciaViajes-Incompleto.jar" />
    <property name="ant.file" value="F:\2019-2\IngSoftII\MVC Observer\Taller3-mvc-ClientesAgenciaViajes\build.xml" />
    <property name="libs.spring-webmvc4.0.classpath" value="E:\Programs\netbeans\java\modules\ext\spring-4\spring-webmvc-4.0.1.RELEASE.jar" />
    <property name="libs.struts.src" value="" />
    <property name="path.separator" value=";" />
    <property name="libs.javaee-endorsed-api-7.0.javadoc" value="E:\Programs\netbeans\enterprise\docs\javaee-doc-api.jar" />
    <property name="os.version" value="10.0" />
    <property name="libs.JAXB-ENDORSED.classpath" value="E:\Programs\netbeans\ide\modules\ext\jaxb\api\jaxb-api.jar" />
    <property name="netbeans.home" value="E:\Programs\netbeans\platform" />
    <property name="libs.restlib.src" value="" />
    <property name="libs.CopyLibs.javadoc" value="" />
    <property name="build.test.results.dir" value="build/test/results" />
    <property name="debug-transport-by-os" value="dt_shmem" />
    <property name="libs.jsf20.src" value="" />
    <property name="libs.jaxws21.javadoc" value="E:\Programs\netbeans\java\docs\jaxws-api-doc.zip" />
    <property name="libs.spring-framework400.maven-pom" value="" />
    <property name="ap.processors.internal" value="" />
    <property name="java.vm.name" value="Java HotSpot(TM) 64-Bit Server VM" />
    <property name="libs.jstl.javadoc" value="E:\Programs\netbeans\enterprise\docs\javaee-doc-api.jar" />
    <property name="libs.javaee-endorsed-api-7.0.maven-pom" value="" />
    <property name="libs.jsf12.classpath" value="E:\Programs\netbeans\enterprise\modules\ext\jsf-1_2\jsf-api.jar;E:\Programs\netbeans\enterprise\modules\ext\jsf-1_2\jsf-impl.jar" />
    <property name="libs.jaxws21.classpath" value="E:\Programs\netbeans\java\modules\ext\jaxws22\FastInfoset.jar;E:\Programs\netbeans\java\modules\ext\jaxws22\gmbal-api-only.jar;E:\Programs\netbeans\java\modules\ext\jaxws22\ha-api.jar;E:\Programs\netbeans\java\modules\ext\jaxws22\javax.mail_1.4.jar;E:\Programs\netbeans\java\modules\ext\jaxws22\jaxws-rt.jar;E:\Programs\netbeans\java\modules\ext\jaxws22\jaxws-tools.jar;E:\Programs\netbeans\java\modules\ext\jaxws22\management-api.jar;E:\Programs\netbeans\java\modules\ext\jaxws22\mimepull.jar;E:\Programs\netbeans\java\modules\ext\jaxws22\policy.jar;E:\Programs\netbeans\java\modules\ext\jaxws22\saaj-impl.jar;E:\Programs\netbeans\java\modules\ext\jaxws22\stax-ex.jar;E:\Programs\netbeans\java\modules\ext\jaxws22\stax2-api.jar;E:\Programs\netbeans\java\modules\ext\jaxws22\streambuffer.jar;E:\Programs\netbeans\java\modules\ext\jaxws22\woodstox-core-asl.jar;E:\Programs\netbeans\java\modules\ext\jaxws22\api\jaxws-api.jar;E:\Programs\netbeans\java\modules\ext\jaxws22\api\jsr181-api.jar;E:\Programs\netbeans\java\modules\ext\jaxws22\api\javax.annotation.jar;E:\Programs\netbeans\java\modules\ext\jaxws22\api\saaj-api.jar;E:\Programs\netbeans\ide\modules\ext\jaxb\activation.jar;E:\Programs\netbeans\ide\modules\ext\jaxb\api\jaxb-api.jar" />
    <property name="ant.file.type.Taller3-mvc-ClientesAgenciaViajes-Incompleto-impl" value="file" />
    <property name="libs.restapi.classpath" value="E:\Programs\netbeans\enterprise\modules\ext\jaxrs-2.0\javax.ws.rs-api-2.0.jar" />
    <property name="os.arch" value="amd64" />
    <property name="libs.spring-framework400.javadoc" value="" />
    <property name="libs.hamcrest.javadoc" value="" />
    <property name="build.generated.dir" value="build/generated" />
    <property name="libs.javac-api.src" value="" />
    <property name="libs.groovy-all.javadoc" value="" />
    <property name="libs.javaee-web-api-7.0.javadoc" value="E:\Programs\netbeans\enterprise\docs\javaee-doc-api.jar" />
    <property name="java.vm.info" value="mixed mode, sharing" />
    <property name="libs.primefaces.classpath" value="E:\Programs\netbeans\enterprise\modules\ext\primefaces\primefaces-5.0.jar" />
    <property name="libs.jaxws21.maven-pom" value="" />
    <property name="run.test.classpath" value=":build/classes:E:\Programs\netbeans\platform\modules\ext\junit-4.12.jar:E:\Programs\netbeans\platform\modules\ext\hamcrest-core-1.3.jar:build/test/classes" />
    <property name="libs.jsf12.maven-pom" value="" />
    <property name="libs.javaee-endorsed-api-7.0.classpath" value="E:\Programs\netbeans\enterprise\modules\ext\javaee7-endorsed\javax.annotation-api.jar;E:\Programs\netbeans\enterprise\modules\ext\javaee7-endorsed\javax.xml.soap-api.jar;E:\Programs\netbeans\enterprise\modules\ext\javaee7-endorsed\jaxb-api-osgi.jar;E:\Programs\netbeans\enterprise\modules\ext\javaee7-endorsed\jaxws-api.jar;E:\Programs\netbeans\enterprise\modules\ext\javaee7-endorsed\jsr181-api.jar" />
    <property name="javadoc.encoding.used" value="UTF-8" />
    <property name="java.class.version" value="56.0" />
    <property name="src.dir" value="src" />
    <property name="org.netbeans.io.suspend" value="0" />
    <property name="libs.primefaces.maven-pom" value="" />
    <property name="debug.classpath" value=":build/classes" />
    <property name="ant.project.default-target" value="default" />
    <property name="awt.toolkit" value="sun.awt.windows.WToolkit" />
    <property name="excludes" value="" />
    <property name="libs.javaee-api-7.0.src" value="" />
    <property name="ant.project.name" value="Taller3-mvc-ClientesAgenciaViajes-Incompleto" />
    <property name="dist.javadoc.dir" value="dist/javadoc" />
    <property name="run.test.jvmargs" value="" />
    <property name="sun.jnu.encoding" value="Cp1252" />
    <property name="libs.junit_4.javadoc" value="E:\Programs\netbeans\platform\docs\junit-4.12-javadoc.jar" />
    <property name="default.javac.target" value="12" />
    <property name="javac.fork" value="true" />
    <property name="libs.spring-webmvc4.0.src" value="" />
    <property name="libs.eclipselink.classpath" value="E:\Programs\netbeans\java\modules\ext\eclipselink\org.eclipse.persistence.core-2.5.2.jar;E:\Programs\netbeans\java\modules\ext\eclipselink\org.eclipse.persistence.asm-2.5.2.jar;E:\Programs\netbeans\java\modules\ext\eclipselink\org.eclipse.persistence.antlr-2.5.2.jar;E:\Programs\netbeans\java\modules\ext\eclipselink\org.eclipse.persistence.jpa-2.5.2.jar;E:\Programs\netbeans\java\modules\ext\eclipselink\org.eclipse.persistence.jpa.jpql-2.5.2.jar;E:\Programs\netbeans\java\modules\ext\eclipselink\javax.persistence-2.1.0.jar" />
    <property name="sun.java2d.dpiaware" value="true" />
    <property name="main.class.available" value="true" />
    <property name="libs.javac-api.classpath" value="" />
    <property name="libs.jsf20.javadoc" value="E:\Programs\netbeans\enterprise\docs\javaee-doc-api.jar" />
    <property name="libs.struts.classpath" value="E:\Programs\netbeans\enterprise\modules\ext\struts\antlr-2.7.2.jar;E:\Programs\netbeans\enterprise\modules\ext\struts\bsf-2.3.0.jar;E:\Programs\netbeans\enterprise\modules\ext\struts\commons-beanutils-1.8.0.jar;E:\Programs\netbeans\enterprise\modules\ext\struts\commons-chain-1.2.jar;E:\Programs\netbeans\enterprise\modules\ext\struts\commons-digester-1.8.jar;E:\Programs\netbeans\enterprise\modules\ext\struts\commons-fileupload-1.1.1.jar;E:\Programs\netbeans\enterprise\modules\ext\struts\commons-io-1.1.jar;E:\Programs\netbeans\enterprise\modules\ext\struts\commons-logging-1.0.4.jar;E:\Programs\netbeans\enterprise\modules\ext\struts\commons-validator-1.3.1.jar;E:\Programs\netbeans\enterprise\modules\ext\struts\jstl-1.0.2.jar;E:\Programs\netbeans\enterprise\modules\ext\struts\oro-2.0.8.jar;E:\Programs\netbeans\enterprise\modules\ext\struts\standard-1.0.6.jar;E:\Programs\netbeans\enterprise\modules\ext\struts\struts-core-1.3.10.jar;E:\Programs\netbeans\enterprise\modules\ext\struts\struts-el-1.3.10.jar;E:\Programs\netbeans\enterprise\modules\ext\struts\struts-extras-1.3.10.jar;E:\Programs\netbeans\enterprise\modules\ext\struts\struts-faces-1.3.10.jar;E:\Programs\netbeans\enterprise\modules\ext\struts\struts-mailreader-dao-1.3.10.jar;E:\Programs\netbeans\enterprise\modules\ext\struts\struts-scripting-1.3.10.jar;E:\Programs\netbeans\enterprise\modules\ext\struts\struts-taglib-1.3.10.jar;E:\Programs\netbeans\enterprise\modules\ext\struts\struts-tiles-1.3.10.jar" />
    <property name="netbeans.importclass" value="org.netbeans.upgrade.AutoUpgrade" />
    <property name="libs.PostgreSQLDriver.maven-pom" value="" />
    <property name="netbeans.autoupdate.version" value="1.23" />
    <property name="libs.absolutelayout.src" value="" />
    <property name="empty.dir" value="F:\2019-2\IngSoftII\MVC Observer\Taller3-mvc-ClientesAgenciaViajes\build\empty" />
    <property name="testng.mode" value="testng" />
    <property name="annotation.processing.enabled.in.editor" value="false" />
    <property name="netbeans.user" value="C:\Users\Yerson\AppData\Roaming\NetBeans\11.0" />
    <property name="javac.includes.binary" value="F:\2019-2\IngSoftII\MVC Observer\Taller3-mvc-ClientesAgenciaViajes\build\test\classes\co\unicauca\clientes\modelo\ClientesDBTest.class" />
    <property name="file.separator" value="\" />
    <property name="java.vm.compressedOopsMode" value="32-bit" />
    <property name="line.separator" value="&#xd;&#xa;" />
    <property name="javadoc.additionalparam" value="" />
    <property name="netbeans.productversion" value="Apache NetBeans IDE 11.0 (Build incubator-netbeans-release-404-on-20190319)" />
    <property name="libs.restlib.maven-pom" value="" />
    <property name="javac.debug" value="true" />
    <property name="libs.testng.classpath" value="E:\Programs\netbeans\platform\modules\ext\testng-6.8.1-dist.jar" />
    <property name="mkdist.disabled" value="false" />
    <property name="libs.jsp-compiler.src" value="" />
    <property name="user.name" value="Yerson" />
    <property name="libs.javaee-web-api-6.0.javadoc" value="E:\Programs\netbeans\enterprise\docs\javaee-doc-api.jar" />
    <property name="build.classes.dir" value="build/classes" />
    <property name="libs.maven-dependencies.javadoc" value="E:\Programs\netbeans\enterprise\docs\javaee-doc-api.jar" />
    <property name="nb.junit.single" value="false" />
    <property name="javadoc.windowtitle" value="" />
    <property name="nb.internal.action.name" value="run.single" />
    <property name="libs.groovy-all.classpath" value="E:\Programs\netbeans\groovy\modules\ext\groovy.jar;E:\Programs\netbeans\groovy\modules\ext\groovy-ant.jar" />
    <property name="libs.javaee-api-7.0.maven-pom" value="" />
    <property name="libs.absolutelayout.javadoc" value="" />
    <property name="libs.jaxws21.src" value="" />
    <property name="libs.jaxb.maven-pom" value="" />
    <property name="libs.maven-dependencies.classpath" value="E:\Programs\netbeans\enterprise\modules\ext\javaee6-endorsed\javax.annotation.jar;E:\Programs\netbeans\enterprise\modules\ext\javaee6-endorsed\jaxb-api-osgi.jar;E:\Programs\netbeans\enterprise\modules\ext\javaee6-endorsed\webservices-api-osgi.jar" />
    <property name="annotation.processing.processor.options" value="" />
    <property name="libs.javaee-api-6.0.maven-pom" value="" />
    <property name="dist.dir" value="dist" />
    <property name="jna.loaded" value="true" />
    <property name="build.dir" value="build" />
    <property name="libs.junit_5.maven-pom" value="" />
    <property name="netbeans.autoupdate.variant" value="" />
    <property name="libs.jpa20-persistence.javadoc" value="" />
    <property name="javadoc.version" value="false" />
    <property name="libs.metro.classpath" value="E:\Programs\netbeans\ide\modules\ext\jaxb\activation.jar;E:\Programs\netbeans\enterprise\modules\ext\metro\webservices-api.jar;E:\Programs\netbeans\enterprise\modules\ext\metro\webservices-extra-api.jar;E:\Programs\netbeans\enterprise\modules\ext\metro\webservices-extra.jar;E:\Programs\netbeans\enterprise\modules\ext\metro\webservices-rt.jar;E:\Programs\netbeans\enterprise\modules\ext\metro\webservices-tools.jar" />
    <property name="libs.metro.src" value="" />
    <property name="ant.junit.enabletestlistenerevents" value="true" />
    <property name="libs.JWSAntTasks.src" value="" />
    <property name="libs.spring-webmvc3.0.src" value="" />
    <property name="ant.home" value="E:\Programs\netbeans\extide\ant" />
    <property name="libs.CopyLibs.classpath" value="E:\Programs\netbeans\java\ant\extra\org-netbeans-modules-java-j2seproject-copylibstask.jar" />
    <property name="javac.external.vm" value="true" />
    <property name="debug.test.classpath" value=":build/classes:E:\Programs\netbeans\platform\modules\ext\junit-4.12.jar:E:\Programs\netbeans\platform\modules\ext\hamcrest-core-1.3.jar:build/test/classes" />
    <property name="ant.file.Taller3-mvc-ClientesAgenciaViajes-Incompleto" value="F:\2019-2\IngSoftII\MVC Observer\Taller3-mvc-ClientesAgenciaViajes\build.xml" />
    <property name="sun.os.patch.level" value="" />
    <property name="have.tests" value="true" />
    <property name="testng.debug.mode" value="" />
    <property name="javac.target" value="1.8" />
    <property name="ant.version" value="Apache Ant(TM) version 1.10.4 compiled on June 19 2018" />
    <property name="libs.absolutelayout.maven-pom" value="" />
    <property name="jdk.gtk.version" value="2.2" />
    <property name="javac.test.processorpath" value=":build/classes:E:\Programs\netbeans\platform\modules\ext\junit-4.12.jar:E:\Programs\netbeans\platform\modules\ext\hamcrest-core-1.3.jar" />
    <property name="libs.javaee-web-api-7.0.maven-pom" value="" />
    <property name="java.failonerror" value="true" />
    <property name="netbeans.dirs" value="E:\Programs\netbeans\nb;E:\Programs\netbeans\ergonomics;E:\Programs\netbeans\ide;E:\Programs\netbeans\extide;E:\Programs\netbeans\java;E:\Programs\netbeans\apisupport;E:\Programs\netbeans\webcommon;E:\Programs\netbeans\websvccommon;E:\Programs\netbeans\enterprise;E:\Programs\netbeans\mobility;E:\Programs\netbeans\profiler;E:\Programs\netbeans\python;E:\Programs\netbeans\php;E:\Programs\netbeans\identity;E:\Programs\netbeans\harness;E:\Programs\netbeans\cnd;E:\Programs\netbeans\cndext;E:\Programs\netbeans\dlight;E:\Programs\netbeans\groovy;E:\Programs\netbeans\extra;E:\Programs\netbeans\javacard;E:\Programs\netbeans\javafx" />
    <property name="javac.modulepath" value="" />
    <property name="libs.javaee-api-6.0.src" value="" />
    <property name="user.properties.file" value="C:\Users\Yerson\AppData\Roaming\NetBeans\11.0\build.properties" />
    <property name="javac.includes" value="co/unicauca/clientes/modelo/ClientesDBTest.java" />
    <property name="libs.hamcrest.maven-pom" value="" />
    <property name="netbeans.autoupdate.country" value="CO" />
    <property name="javac.processorpath" value="" />
    <property name="java.class.path" value="F:\2019-2\IngSoftII\MVC Observer\Taller3-mvc-ClientesAgenciaViajes\build\classes;E:\Programs\netbeans\platform\modules\ext\junit-4.12.jar;E:\Programs\netbeans\platform\modules\ext\hamcrest-core-1.3.jar;F:\2019-2\IngSoftII\MVC Observer\Taller3-mvc-ClientesAgenciaViajes\build\test\classes;E:\Programs\netbeans\extide\ant\lib\ant-launcher.jar;E:\Programs\netbeans\extide\ant\lib\ant.jar;E:\Programs\netbeans\extide\ant\lib\ant-junit.jar;E:\Programs\netbeans\extide\ant\lib\ant-junit4.jar" />
    <property name="libs.javaee-api-6.0.javadoc" value="E:\Programs\netbeans\enterprise\docs\javaee-doc-api.jar" />
    <property name="libs.javaee-web-api-6.0.maven-pom" value="" />
    <property name="libs.JWSAntTasks.maven-pom" value="" />
    <property name="java.vm.vendor" value="Oracle Corporation" />
    <property name="ap.supported.internal" value="true" />
    <property name="user.variant" value="" />
    <property name="netbeans.home+have.tests" value="true" />
    <property name="run.modulepath" value="" />
    <property name="test.binaryexcludes" value="" />
    <property name="do.archive+manifest.available" value="true" />
    <property name="javac.compilerargs" value="" />
    <property name="apple.laf.useScreenMenuBar" value="true" />
    <property name="libs.jstl.maven-pom" value="" />
    <property name="user.country" value="CO" />
    <property name="sun.java.launcher" value="SUN_STANDARD" />
    <property name="libs.jpa20-persistence.src" value="" />
    <property name="libs.restapi.javadoc" value="" />
    <property name="ant.file.Taller3-mvc-ClientesAgenciaViajes-Incompleto-impl" value="F:\2019-2\IngSoftII\MVC Observer\Taller3-mvc-ClientesAgenciaViajes\nbproject\build-impl.xml" />
    <property name="endorsed.classpath" value="" />
    <property name="javac.test.sourcepath" value="F:\2019-2\IngSoftII\MVC Observer\Taller3-mvc-ClientesAgenciaViajes\build\empty" />
    <property name="sun.cpu.endian" value="little" />
    <property name="libs.spring-webmvc3.0.maven-pom" value="" />
    <property name="libs.junit_4.src" value="E:\Programs\netbeans\platform\docs\junit-4.12-sources.jar" />
    <property name="user.language" value="es" />
    <property name="copylibs.rebase" value="true" />
    <property name="libs.javaee-web-api-6.0.src" value="" />
    <property name="includes" value="**" />
    <property name="javadoc.nonavbar" value="false" />
    <property name="ant.java.version" value="12" />
    <property name="libs.junit_4.classpath" value="E:\Programs\netbeans\platform\modules\ext\junit-4.12.jar" />
    <property name="libs.jsf12.javadoc" value="E:\Programs\netbeans\enterprise\docs\javaee-doc-api.jar" />
    <property name="libs.hamcrest.classpath" value="E:\Programs\netbeans\platform\modules\ext\hamcrest-core-1.3.jar" />
    <property name="javadoc.splitindex" value="true" />
    <property name="libs.JWSAntTasks.classpath" value="E:\Programs\netbeans\java\ant\extra\org-netbeans-modules-javawebstart-anttasks.jar" />
    <property name="junit.available" value="true" />
    <property name="test.binarytestincludes" value="" />
    <property name="sun.awt.keepWorkingSetOnMinimize" value="true" />
    <property name="libs.junit_4.maven-pom" value="" />
    <property name="javac.processormodulepath" value="" />
    <property name="libs.jsp-compiler.maven-pom" value="" />
    <property name="runtime.encoding" value="UTF-8" />
    <property name="javadoc.encoding" value="UTF-8" />
    <property name="javac.classpath" value="" />
    <property name="do.mkdist" value="true" />
    <property name="libs.jstl.src" value="" />
    <property name="libs.jsp-compilation-syscp.maven-pom" value="" />
    <property name="netbeans.hash.code" value="unique=075c91986-7d50-449c-a1a1-5be33bcf3246_401f2dd2-49f0-4810-8b64-4f2667bfc94e" />
    <property name="nb.junit.batch" value="true" />
    <property name="build.test.classes.dir" value="build/test/classes" />
    <property name="libs.spring-webmvc3.0.classpath" value="E:\Programs\netbeans\java\modules\ext\spring-3.0\spring-webmvc-3.2.7.RELEASE.jar" />
    <property name="java.runtime.name" value="Java(TM) SE Runtime Environment" />
    <property name="libs.jaxb.javadoc" value="E:\Programs\netbeans\ide\docs\jaxb-api-2.2.5-javadoc.jar" />
    <property name="manifest.available" value="true" />
    <property name="libs.spring-framework300.maven-pom" value="" />
    <property name="ant.project.invoked-targets" value="test-single" />
    <property name="run.jvmargs.ide" value="" />
    <property name="libs.jstl.classpath" value="E:\Programs\netbeans\enterprise\modules\ext\jstl-impl.jar;E:\Programs\netbeans\enterprise\modules\ext\jstl-api.jar" />
    <property name="ap.cmd.line.internal" value="" />
    <property name="libs.PostgreSQLDriver.src" value="" />
    <property name="ant.core.lib" value="E:\Programs\netbeans\extide\ant\lib\ant.jar" />
    <property name="java.vendor.url.bug" value="https://bugreport.java.com/bugreport/" />
    <property name="annotation.processing.source.output" value="build/generated-sources/ap-source-output" />
    <property name="libs.jsp-compilation.maven-pom" value="" />
    <property name="netbeans.logger.console" value="true" />
    <property name="user.dir" value="F:\2019-2\IngSoftII\MVC Observer\Taller3-mvc-ClientesAgenciaViajes" />
    <property name="javac.profile.cmd.line.arg" value="" />
    <property name="platform.java" value="C:\Program Files\Java\jdk-12.0.2/bin/java" />
    <property name="application.title" value="Taller3-mvc-ClientesAgenciaViajes-Incompleto" />
    <property name="application.args" value="" />
    <property name="do.archive+main.class.available" value="true" />
    <property name="org.xml.sax.driver" value="com.sun.org.apache.xerces.internal.jaxp.SAXParserImpl$JAXPSAXParser" />
    <property name="javac.test.modulepath" value="" />
    <property name="libs.PostgreSQLDriver.javadoc" value="" />
    <property name="ant.file.type.Taller3-mvc-ClientesAgenciaViajes-Incompleto" value="file" />
    <property name="libs.eclipselink.src" value="" />
    <property name="libs.jsp-compilation-syscp.classpath" value="E:\Programs\netbeans\extide\ant\lib\ant.jar;E:\Programs\netbeans\enterprise\modules\ext\servlet3.1-jsp2.3-api.jar;E:\Programs\netbeans\enterprise\modules\ext\glassfish-jspparser-4.0.jar;E:\Programs\netbeans\enterprise\modules\ext\jstl-impl.jar;E:\Programs\netbeans\enterprise\modules\ext\jsf-2_2\javax.faces.jar" />
    <property name="libs.jsp-compilation.classpath" value="E:\Programs\netbeans\extide\ant\lib\ant.jar;E:\Programs\netbeans\enterprise\modules\ext\servlet3.1-jsp2.3-api.jar;E:\Programs\netbeans\enterprise\modules\ext\glassfish-jspparser-4.0.jar;E:\Programs\netbeans\enterprise\modules\ext\jsf-2_2\javax.faces.jar;E:\Programs\netbeans\enterprise\modules\ext\jstl-api.jar;E:\Programs\netbeans\extide\ant\lib\ant-launcher.jar" />
    <property name="java.vm.version" value="12.0.2+10" />
    <property name="libs.metro.javadoc" value="E:\Programs\netbeans\enterprise\docs\webservices-api-javadoc.jar;E:\Programs\netbeans\enterprise\docs\webservices-extra-javadoc.jar;E:\Programs\netbeans\enterprise\docs\webservices-extra-api-javadoc.jar;E:\Programs\netbeans\enterprise\docs\webservices-rt-javadoc.jar;E:\Programs\netbeans\enterprise\docs\webservices-tools-javadoc.jar" />
    <property name="test.class" value="co.unicauca.clientes.modelo.ClientesDBTest" />
    <property name="sun.awt.datatransfer.timeout" value="1000" />
    <property name="annotation.processing.run.all.processors" value="true" />
    <property name="junit.forkmode" value="perTest" />
    <property name="libs.javaee-web-api-7.0.src" value="" />
    <property name="libs.jsp-compiler.classpath" value="E:\Programs\netbeans\enterprise\ant\extra\jspcompile.jar" />
  </properties>
  <testcase classname="co.unicauca.clientes.modelo.ClientesDBTest" name="testClientesPorProfesion" time="0.003" />
  <system-out><![CDATA[Clientes por profesión
]]></system-out>
  <system-err><![CDATA[]]></system-err>
</testsuite>
